e:\공부\과제\4학년 1학기\객체지향프로그래밍\과제\project1\project1\project1\x64\debug\vc141.pdb
e:\공부\과제\4학년 1학기\객체지향프로그래밍\과제\project1\project1\project1\x64\debug\vc141.idb
e:\공부\과제\4학년 1학기\객체지향프로그래밍\과제\project1\project1\project1\x64\debug\render.obj
e:\공부\과제\4학년 1학기\객체지향프로그래밍\과제\project1\project1\project1\x64\debug\player.obj
e:\공부\과제\4학년 1학기\객체지향프로그래밍\과제\project1\project1\project1\x64\debug\main.obj
e:\공부\과제\4학년 1학기\객체지향프로그래밍\과제\project1\project1\project1\x64\debug\laser.obj
e:\공부\과제\4학년 1학기\객체지향프로그래밍\과제\project1\project1\project1\x64\debug\gameobject.obj
e:\공부\과제\4학년 1학기\객체지향프로그래밍\과제\project1\project1\project1\x64\debug\enemypool.obj
e:\공부\과제\4학년 1학기\객체지향프로그래밍\과제\project1\project1\project1\x64\debug\enemy.obj
e:\공부\과제\4학년 1학기\객체지향프로그래밍\과제\project1\project1\project1\x64\debug\character.obj
e:\공부\과제\4학년 1학기\객체지향프로그래밍\과제\project1\project1\project1\x64\debug\bulletpool.obj
e:\공부\과제\4학년 1학기\객체지향프로그래밍\과제\project1\project1\project1\x64\debug\bullet.obj
e:\공부\과제\4학년 1학기\객체지향프로그래밍\과제\project1\project1\project1\x64\debug\scene.obj
e:\공부\과제\4학년 1학기\객체지향프로그래밍\과제\project1\project1\project1\x64\debug\scoreboard.obj
e:\공부\과제\4학년 1학기\객체지향프로그래밍\과제\project1\project1\x64\debug\project1.exe
e:\공부\과제\4학년 1학기\객체지향프로그래밍\과제\project1\project1\x64\debug\project1.ilk
e:\공부\과제\4학년 1학기\객체지향프로그래밍\과제\project1\project1\x64\debug\project1.pdb
e:\공부\과제\4학년 1학기\객체지향프로그래밍\과제\project1\project1\project1\x64\debug\project1.tlog\cl.command.1.tlog
e:\공부\과제\4학년 1학기\객체지향프로그래밍\과제\project1\project1\project1\x64\debug\project1.tlog\cl.read.1.tlog
e:\공부\과제\4학년 1학기\객체지향프로그래밍\과제\project1\project1\project1\x64\debug\project1.tlog\cl.write.1.tlog
e:\공부\과제\4학년 1학기\객체지향프로그래밍\과제\project1\project1\project1\x64\debug\project1.tlog\link.command.1.tlog
e:\공부\과제\4학년 1학기\객체지향프로그래밍\과제\project1\project1\project1\x64\debug\project1.tlog\link.read.1.tlog
e:\공부\과제\4학년 1학기\객체지향프로그래밍\과제\project1\project1\project1\x64\debug\project1.tlog\link.write.1.tlog
